checkpointed 149/200 nulls to experiments/paper_ladder_b0_b1_y11_x26_n200/baseline_ladder_null_checkpoint_B1_11.csv
checkpointed 150/200 nulls to experiments/paper_ladder_b0_b1_y11_x26_n200/baseline_ladder_null_checkpoint_B1_11.csv
checkpointed 151/200 nulls to experiments/paper_ladder_b0_b1_y11_x26_n200/baseline_ladder_null_checkpoint_B1_11.csv
checkpointed 152/200 nulls to experiments/paper_ladder_b0_b1_y11_x26_n200/baseline_ladder_null_checkpoint_B1_11.csv
checkpointed 153/200 nulls to experiments/paper_ladder_b0_b1_y11_x26_n200/baseline_ladder_null_checkpoint_B1_11.csv
checkpointed 154/200 nulls to experiments/paper_ladder_b0_b1_y11_x26_n200/baseline_ladder_null_checkpoint_B1_11.csv
checkpointed 155/200 nulls to experiments/paper_ladder_b0_b1_y11_x26_n200/baseline_ladder_null_checkpoint_B1_11.csv
checkpointed 156/200 nulls to experiments/paper_ladder_b0_b1_y11_x26_n200/baseline_ladder_null_checkpoint_B1_11.csv
checkpointed 157/200 nulls to experiments/paper_ladder_b0_b1_y11_x26_n200/baseline_ladder_null_checkpoint_B1_11.csv
checkpointed 158/200 nulls to experiments/paper_ladder_b0_b1_y11_x26_n200/baseline_ladder_null_checkpoint_B1_11.csv
checkpointed 159/200 nulls to experiments/paper_ladder_b0_b1_y11_x26_n200/baseline_ladder_null_checkpoint_B1_11.csv
checkpointed 160/200 nulls to experiments/paper_ladder_b0_b1_y11_x26_n200/baseline_ladder_null_checkpoint_B1_11.csv
checkpointed 161/200 nulls to experiments/paper_ladder_b0_b1_y11_x26_n200/baseline_ladder_null_checkpoint_B1_11.csv
checkpointed 162/200 nulls to experiments/paper_ladder_b0_b1_y11_x26_n200/baseline_ladder_null_checkpoint_B1_11.csv
checkpointed 163/200 nulls to experiments/paper_ladder_b0_b1_y11_x26_n200/baseline_ladder_null_checkpoint_B1_11.csv
checkpointed 164/200 nulls to experiments/paper_ladder_b0_b1_y11_x26_n200/baseline_ladder_null_checkpoint_B1_11.csv
checkpointed 165/200 nulls to experiments/paper_ladder_b0_b1_y11_x26_n200/baseline_ladder_null_checkpoint_B1_11.csv
checkpointed 166/200 nulls to experiments/paper_ladder_b0_b1_y11_x26_n200/baseline_ladder_null_checkpoint_B1_11.csv
checkpointed 167/200 nulls to experiments/paper_ladder_b0_b1_y11_x26_n200/baseline_ladder_null_checkpoint_B1_11.csv
checkpointed 168/200 nulls to experiments/paper_ladder_b0_b1_y11_x26_n200/baseline_ladder_null_checkpoint_B1_11.csv
checkpointed 169/200 nulls to experiments/paper_ladder_b0_b1_y11_x26_n200/baseline_ladder_null_checkpoint_B1_11.csv
checkpointed 170/200 nulls to experiments/paper_ladder_b0_b1_y11_x26_n200/baseline_ladder_null_checkpoint_B1_11.csv
checkpointed 171/200 nulls to experiments/paper_ladder_b0_b1_y11_x26_n200/baseline_ladder_null_checkpoint_B1_11.csv
checkpointed 172/200 nulls to experiments/paper_ladder_b0_b1_y11_x26_n200/baseline_ladder_null_checkpoint_B1_11.csv
checkpointed 173/200 nulls to experiments/paper_ladder_b0_b1_y11_x26_n200/baseline_ladder_null_checkpoint_B1_11.csv
checkpointed 174/200 nulls to experiments/paper_ladder_b0_b1_y11_x26_n200/baseline_ladder_null_checkpoint_B1_11.csv
checkpointed 175/200 nulls to experiments/paper_ladder_b0_b1_y11_x26_n200/baseline_ladder_null_checkpoint_B1_11.csv
checkpointed 176/200 nulls to experiments/paper_ladder_b0_b1_y11_x26_n200/baseline_ladder_null_checkpoint_B1_11.csv
checkpointed 177/200 nulls to experiments/paper_ladder_b0_b1_y11_x26_n200/baseline_ladder_null_checkpoint_B1_11.csv
checkpointed 178/200 nulls to experiments/paper_ladder_b0_b1_y11_x26_n200/baseline_ladder_null_checkpoint_B1_11.csv
checkpointed 179/200 nulls to experiments/paper_ladder_b0_b1_y11_x26_n200/baseline_ladder_null_checkpoint_B1_11.csv
checkpointed 180/200 nulls to experiments/paper_ladder_b0_b1_y11_x26_n200/baseline_ladder_null_checkpoint_B1_11.csv
checkpointed 181/200 nulls to experiments/paper_ladder_b0_b1_y11_x26_n200/baseline_ladder_null_checkpoint_B1_11.csv
checkpointed 182/200 nulls to experiments/paper_ladder_b0_b1_y11_x26_n200/baseline_ladder_null_checkpoint_B1_11.csv
checkpointed 183/200 nulls to experiments/paper_ladder_b0_b1_y11_x26_n200/baseline_ladder_null_checkpoint_B1_11.csv
checkpointed 184/200 nulls to experiments/paper_ladder_b0_b1_y11_x26_n200/baseline_ladder_null_checkpoint_B1_11.csv
checkpointed 185/200 nulls to experiments/paper_ladder_b0_b1_y11_x26_n200/baseline_ladder_null_checkpoint_B1_11.csv
checkpointed 186/200 nulls to experiments/paper_ladder_b0_b1_y11_x26_n200/baseline_ladder_null_checkpoint_B1_11.csv
checkpointed 187/200 nulls to experiments/paper_ladder_b0_b1_y11_x26_n200/baseline_ladder_null_checkpoint_B1_11.csv
checkpointed 188/200 nulls to experiments/paper_ladder_b0_b1_y11_x26_n200/baseline_ladder_null_checkpoint_B1_11.csv
checkpointed 189/200 nulls to experiments/paper_ladder_b0_b1_y11_x26_n200/baseline_ladder_null_checkpoint_B1_11.csv
checkpointed 190/200 nulls to experiments/paper_ladder_b0_b1_y11_x26_n200/baseline_ladder_null_checkpoint_B1_11.csv
checkpointed 191/200 nulls to experiments/paper_ladder_b0_b1_y11_x26_n200/baseline_ladder_null_checkpoint_B1_11.csv
checkpointed 192/200 nulls to experiments/paper_ladder_b0_b1_y11_x26_n200/baseline_ladder_null_checkpoint_B1_11.csv
checkpointed 193/200 nulls to experiments/paper_ladder_b0_b1_y11_x26_n200/baseline_ladder_null_checkpoint_B1_11.csv
checkpointed 194/200 nulls to experiments/paper_ladder_b0_b1_y11_x26_n200/baseline_ladder_null_checkpoint_B1_11.csv
checkpointed 195/200 nulls to experiments/paper_ladder_b0_b1_y11_x26_n200/baseline_ladder_null_checkpoint_B1_11.csv
checkpointed 196/200 nulls to experiments/paper_ladder_b0_b1_y11_x26_n200/baseline_ladder_null_checkpoint_B1_11.csv
checkpointed 197/200 nulls to experiments/paper_ladder_b0_b1_y11_x26_n200/baseline_ladder_null_checkpoint_B1_11.csv
checkpointed 198/200 nulls to experiments/paper_ladder_b0_b1_y11_x26_n200/baseline_ladder_null_checkpoint_B1_11.csv
checkpointed 199/200 nulls to experiments/paper_ladder_b0_b1_y11_x26_n200/baseline_ladder_null_checkpoint_B1_11.csv
checkpointed 200/200 nulls to experiments/paper_ladder_b0_b1_y11_x26_n200/baseline_ladder_null_checkpoint_B1_11.csv
{
  "min_exp": 12,
  "max_exp": 26,
  "train_windows": 3,
  "depth": 4,
  "bucket_edges": [
    0.0,
    0.5,
    1.0,
    1.5,
    2.0,
    2.5,
    3.0,
    3.5,
    4.0,
    4.5,
    5.0,
    5.5,
    6.0,
    6.5,
    7.0,
    7.5,
    8.0,
    Infinity
  ],
  "nulls": 200,
  "checkpoint_nulls": true,
  "checkpoint_files": [
    "baseline_ladder_null_checkpoint_B0.csv",
    "baseline_ladder_null_checkpoint_B1_11.csv"
  ],
  "seed": 20260616,
  "baselines": [
    {
      "label": "B0",
      "y": 2,
      "W": 2,
      "phi_W": 1
    },
    {
      "label": "B1(11)",
      "y": 11,
      "W": 2310,
      "phi_W": 480
    }
  ]
}

baseline,exp,X,n,R_bits_per_gap,null_mean,z_vs_null,B_bits,U_bits
B0,15,32768,3030,-0.000330,-0.000330,0.28,3.734550,3.734881
B0,16,65536,5709,-0.000175,-0.000175,1.24,3.830373,3.830548
B0,17,131072,10749,-0.000093,-0.000093,0.85,3.924835,3.924928
B0,18,262144,20390,-0.000049,-0.000049,-0.43,4.008503,4.008552
B0,19,524288,38635,-0.000026,-0.000026,1.26,4.092900,4.092926
B0,20,1048576,73586,-0.000014,-0.000014,2.20,4.169057,4.169071
B0,21,2097152,140336,-0.000007,-0.000007,0.70,4.242864,4.242871
B0,22,4194304,268216,-0.000004,-0.000004,2.36,4.313062,4.313065
B0,23,8388608,513708,0.003608,-0.000002,94110082142716576.00,4.379794,4.376186
B0,24,16777216,985818,0.008587,-0.000001,418128940033573184.00,4.443320,4.434733
B0,25,33554432,1894120,0.006158,-0.000001,437344013819326528.00,4.504810,4.498652
B0,26,67108864,3645744,0.000148,-0.000000,31887636053580188.00,4.563440,4.563292
B1(11),15,32768,3030,-0.000330,-0.000330,0.63,2.226882,2.227212
B1(11),16,65536,5709,-0.000175,-0.000175,-1.41,2.340799,2.340974
B1(11),17,131072,10749,-0.000093,-0.000093,0.00,2.451311,2.451404
B1(11),18,262144,20390,-0.000049,-0.000049,1.59,2.548242,2.548292
B1(11),19,524288,38635,-0.000026,-0.000026,0.00,2.645104,2.645130
B1(11),20,1048576,73586,-0.000014,-0.000014,-0.88,2.731674,2.731687
B1(11),21,2097152,140336,-0.000007,-0.000007,0.42,2.814953,2.814960
B1(11),22,4194304,268216,-0.000004,-0.000004,-0.29,2.893612,2.893616
B1(11),23,8388608,513708,-0.000002,-0.000002,-0.44,2.967942,2.967944
B1(11),24,16777216,985818,-0.000001,-0.000001,1.21,3.038313,3.038314
B1(11),25,33554432,1894120,-0.000001,-0.000001,1.65,3.106092,3.106092
B1(11),26,67108864,3645744,-0.000000,-0.000000,-0.68,3.170428,3.170429
